Arguments: 
  /data/data/com.termux/files/usr/bin/node /data/data/com.termux/files/usr/share/yarn/bin/yarn.js add express

PATH: 
  /data/data/com.termux/files/usr/bin

Yarn version: 
  1.22.19

Node version: 
  18.12.1

Platform: 
  android arm64

Trace: 
  Error: EPERM: operation not permitted, symlink '../pino/bin.js' -> '/storage/emulated/0/Download/session/node_modules/@adiwajshing/baileys/node_modules/.bin/pino'

npm manifest: 
  {
    "name": "cloudqr",
    "version": "1.0.0",
    "main": "index.js",
    "license": "MIT",
    "dependencies": {
      "@adiwajshing/baileys": "^4.0.1",
      "pino": "^8.7.0",
      "qrcode-terminal": "^0.12.0",
      "qrcode": "^1.5.1"
    }
  }

yarn manifest: 
  No manifest

Lockfile: 
  No lockfile
